Build started 13/01/2014 00:53:03.
     1>Project "C:\Users\Meetch\Documents\Programming\Visual Studio 2012\Projects\Data Structures Coursework 1 (3)\Data Structures Coursework 1 (3)\Data Structures Coursework 1\Data Structures Coursework 1\Data Structures Coursework 1.vcxproj" on node 2 (Build target(s)).
     1>ClCompile:
         C:\Program Files (x86)\Microsoft Visual Studio 11.0\VC\bin\CL.exe /c /ZI /nologo /W3 /WX- /Od /Oy- /D WIN32 /D _DEBUG /D _CONSOLE /D _UNICODE /D UNICODE /Gm /EHsc /RTC1 /MDd /GS /fp:precise /Zc:wchar_t /Zc:forScope /Fo"Debug\\" /Fd"Debug\vc110.pdb" /Gd /TP /analyze- /errorReport:prompt Draw.cpp LotterySystem.cpp main.cpp
         Draw.cpp
     1>c:\users\meetch\documents\programming\visual studio 2012\projects\data structures coursework 1 (3)\data structures coursework 1 (3)\data structures coursework 1\data structures coursework 1\draw.cpp(19): warning C4244: 'argument' : conversion from 'time_t' to 'unsigned int', possible loss of data
         Generating Code...
         Compiling...
         LotterySystem.cpp
         Generating Code...
         Skipping... (no relevant changes detected)
         main.cpp
       Link:
         C:\Program Files (x86)\Microsoft Visual Studio 11.0\VC\bin\link.exe /ERRORREPORT:PROMPT /OUT:"C:\Users\Meetch\Documents\Programming\Visual Studio 2012\Projects\Data Structures Coursework 1 (3)\Data Structures Coursework 1 (3)\Data Structures Coursework 1\Debug\Data Structures Coursework 1.exe" /INCREMENTAL /NOLOGO kernel32.lib user32.lib gdi32.lib winspool.lib comdlg32.lib advapi32.lib shell32.lib ole32.lib oleaut32.lib uuid.lib odbc32.lib odbccp32.lib /MANIFEST /MANIFESTUAC:"level='asInvoker' uiAccess='false'" /manifest:embed /DEBUG /PDB:"C:\Users\Meetch\Documents\Programming\Visual Studio 2012\Projects\Data Structures Coursework 1 (3)\Data Structures Coursework 1 (3)\Data Structures Coursework 1\Debug\Data Structures Coursework 1.pdb" /SUBSYSTEM:CONSOLE /TLBID:1 /DYNAMICBASE /NXCOMPAT /IMPLIB:"C:\Users\Meetch\Documents\Programming\Visual Studio 2012\Projects\Data Structures Coursework 1 (3)\Data Structures Coursework 1 (3)\Data Structures Coursework 1\Debug\Data Structures Coursework 1.lib" /MACHINE:X86 Debug\Draw.obj
         Debug\LotteryComponent.obj
         Debug\LotterySystem.obj
         Debug\main.obj
         Debug\Player.obj
         Data Structures Coursework 1.vcxproj -> C:\Users\Meetch\Documents\Programming\Visual Studio 2012\Projects\Data Structures Coursework 1 (3)\Data Structures Coursework 1 (3)\Data Structures Coursework 1\Debug\Data Structures Coursework 1.exe
     1>Done Building Project "C:\Users\Meetch\Documents\Programming\Visual Studio 2012\Projects\Data Structures Coursework 1 (3)\Data Structures Coursework 1 (3)\Data Structures Coursework 1\Data Structures Coursework 1\Data Structures Coursework 1.vcxproj" (Build target(s)).

Build succeeded.

Time Elapsed 00:00:03.60
