C:\USERS\MEETCH\DOCUMENTS\VISUAL STUDIO 2012\PROJECTS\DATA STRUCTURES COURSEWORK 1 (3)\DATA STRUCTURES COURSEWORK 1\DATA STRUCTURES COURSEWORK 1\DEBUG\DRAW.OBJ
C:\USERS\MEETCH\DOCUMENTS\VISUAL STUDIO 2012\PROJECTS\DATA STRUCTURES COURSEWORK 1 (3)\DATA STRUCTURES COURSEWORK 1\DATA STRUCTURES COURSEWORK 1\DEBUG\ENTRY.OBJ
C:\USERS\MEETCH\DOCUMENTS\VISUAL STUDIO 2012\PROJECTS\DATA STRUCTURES COURSEWORK 1 (3)\DATA STRUCTURES COURSEWORK 1\DATA STRUCTURES COURSEWORK 1\DEBUG\LOTTERYCOMPONENT.OBJ
C:\USERS\MEETCH\DOCUMENTS\VISUAL STUDIO 2012\PROJECTS\DATA STRUCTURES COURSEWORK 1 (3)\DATA STRUCTURES COURSEWORK 1\DATA STRUCTURES COURSEWORK 1\DEBUG\LOTTERYSYSTEM.OBJ
C:\USERS\MEETCH\DOCUMENTS\VISUAL STUDIO 2012\PROJECTS\DATA STRUCTURES COURSEWORK 1 (3)\DATA STRUCTURES COURSEWORK 1\DATA STRUCTURES COURSEWORK 1\DEBUG\MAIN.OBJ
C:\USERS\MEETCH\DOCUMENTS\VISUAL STUDIO 2012\PROJECTS\DATA STRUCTURES COURSEWORK 1 (3)\DATA STRUCTURES COURSEWORK 1\DATA STRUCTURES COURSEWORK 1\DEBUG\PLAYER.OBJ
C:\USERS\MEETCH\DOCUMENTS\VISUAL STUDIO 2012\PROJECTS\DATA STRUCTURES COURSEWORK 1 (3)\DATA STRUCTURES COURSEWORK 1\DATA STRUCTURES COURSEWORK 1\DEBUG\VC110.PDB
C:\USERS\MEETCH\DOCUMENTS\VISUAL STUDIO 2012\PROJECTS\DATA STRUCTURES COURSEWORK 1 (3)\DATA STRUCTURES COURSEWORK 1\DEBUG\DATA STRUCTURES COURSEWORK 1.ILK
C:\USERS\MEETCH\DOCUMENTS\VISUAL STUDIO 2012\PROJECTS\DATA STRUCTURES COURSEWORK 1 (3)\DATA STRUCTURES COURSEWORK 1\DEBUG\DATA STRUCTURES COURSEWORK 1.EXE
C:\USERS\MEETCH\DOCUMENTS\VISUAL STUDIO 2012\PROJECTS\DATA STRUCTURES COURSEWORK 1 (3)\DATA STRUCTURES COURSEWORK 1\DEBUG\DATA STRUCTURES COURSEWORK 1.PDB
C:\Users\Meetch\Documents\Visual Studio 2012\Projects\Data Structures Coursework 1 (3)\Data Structures Coursework 1\Data Structures Coursework 1\Debug\Draw.obj
C:\Users\Meetch\Documents\Visual Studio 2012\Projects\Data Structures Coursework 1 (3)\Data Structures Coursework 1\Data Structures Coursework 1\Debug\Entry.obj
C:\Users\Meetch\Documents\Visual Studio 2012\Projects\Data Structures Coursework 1 (3)\Data Structures Coursework 1\Data Structures Coursework 1\Debug\Lottery.obj
C:\Users\Meetch\Documents\Visual Studio 2012\Projects\Data Structures Coursework 1 (3)\Data Structures Coursework 1\Data Structures Coursework 1\Debug\LotteryComponent.obj
C:\Users\Meetch\Documents\Visual Studio 2012\Projects\Data Structures Coursework 1 (3)\Data Structures Coursework 1\Data Structures Coursework 1\Debug\LotterySystem.obj
C:\Users\Meetch\Documents\Visual Studio 2012\Projects\Data Structures Coursework 1 (3)\Data Structures Coursework 1\Data Structures Coursework 1\Debug\main.obj
C:\Users\Meetch\Documents\Visual Studio 2012\Projects\Data Structures Coursework 1 (3)\Data Structures Coursework 1\Data Structures Coursework 1\Debug\Player.obj
C:\Users\Meetch\Documents\Visual Studio 2012\Projects\Data Structures Coursework 1 (3)\Data Structures Coursework 1\Data Structures Coursework 1\Debug\cl.command.1.tlog
C:\Users\Meetch\Documents\Visual Studio 2012\Projects\Data Structures Coursework 1 (3)\Data Structures Coursework 1\Data Structures Coursework 1\Debug\CL.read.1.tlog
C:\Users\Meetch\Documents\Visual Studio 2012\Projects\Data Structures Coursework 1 (3)\Data Structures Coursework 1\Data Structures Coursework 1\Debug\CL.write.1.tlog
C:\Users\Meetch\Documents\Visual Studio 2012\Projects\Data Structures Coursework 1 (3)\Data Structures Coursework 1\Data Structures Coursework 1\Debug\link-cvtres.read.1.tlog
C:\Users\Meetch\Documents\Visual Studio 2012\Projects\Data Structures Coursework 1 (3)\Data Structures Coursework 1\Data Structures Coursework 1\Debug\link-cvtres.write.1.tlog
C:\Users\Meetch\Documents\Visual Studio 2012\Projects\Data Structures Coursework 1 (3)\Data Structures Coursework 1\Data Structures Coursework 1\Debug\link-rc.read.1.tlog
C:\Users\Meetch\Documents\Visual Studio 2012\Projects\Data Structures Coursework 1 (3)\Data Structures Coursework 1\Data Structures Coursework 1\Debug\link-rc.write.1.tlog
C:\Users\Meetch\Documents\Visual Studio 2012\Projects\Data Structures Coursework 1 (3)\Data Structures Coursework 1\Data Structures Coursework 1\Debug\link.10204-cvtres.read.1.tlog
C:\Users\Meetch\Documents\Visual Studio 2012\Projects\Data Structures Coursework 1 (3)\Data Structures Coursework 1\Data Structures Coursework 1\Debug\link.10204-cvtres.write.1.tlog
C:\Users\Meetch\Documents\Visual Studio 2012\Projects\Data Structures Coursework 1 (3)\Data Structures Coursework 1\Data Structures Coursework 1\Debug\link.10204-rc.read.1.tlog
C:\Users\Meetch\Documents\Visual Studio 2012\Projects\Data Structures Coursework 1 (3)\Data Structures Coursework 1\Data Structures Coursework 1\Debug\link.10204-rc.write.1.tlog
C:\Users\Meetch\Documents\Visual Studio 2012\Projects\Data Structures Coursework 1 (3)\Data Structures Coursework 1\Data Structures Coursework 1\Debug\link.10204.read.1.tlog
C:\Users\Meetch\Documents\Visual Studio 2012\Projects\Data Structures Coursework 1 (3)\Data Structures Coursework 1\Data Structures Coursework 1\Debug\link.10204.write.1.tlog
C:\Users\Meetch\Documents\Visual Studio 2012\Projects\Data Structures Coursework 1 (3)\Data Structures Coursework 1\Data Structures Coursework 1\Debug\link.10780-cvtres.read.1.tlog
C:\Users\Meetch\Documents\Visual Studio 2012\Projects\Data Structures Coursework 1 (3)\Data Structures Coursework 1\Data Structures Coursework 1\Debug\link.10780-cvtres.write.1.tlog
C:\Users\Meetch\Documents\Visual Studio 2012\Projects\Data Structures Coursework 1 (3)\Data Structures Coursework 1\Data Structures Coursework 1\Debug\link.10780-rc.read.1.tlog
C:\Users\Meetch\Documents\Visual Studio 2012\Projects\Data Structures Coursework 1 (3)\Data Structures Coursework 1\Data Structures Coursework 1\Debug\link.10780-rc.write.1.tlog
C:\Users\Meetch\Documents\Visual Studio 2012\Projects\Data Structures Coursework 1 (3)\Data Structures Coursework 1\Data Structures Coursework 1\Debug\link.10780.read.1.tlog
C:\Users\Meetch\Documents\Visual Studio 2012\Projects\Data Structures Coursework 1 (3)\Data Structures Coursework 1\Data Structures Coursework 1\Debug\link.10780.write.1.tlog
C:\Users\Meetch\Documents\Visual Studio 2012\Projects\Data Structures Coursework 1 (3)\Data Structures Coursework 1\Data Structures Coursework 1\Debug\link.11420-cvtres.read.1.tlog
C:\Users\Meetch\Documents\Visual Studio 2012\Projects\Data Structures Coursework 1 (3)\Data Structures Coursework 1\Data Structures Coursework 1\Debug\link.11420-cvtres.write.1.tlog
C:\Users\Meetch\Documents\Visual Studio 2012\Projects\Data Structures Coursework 1 (3)\Data Structures Coursework 1\Data Structures Coursework 1\Debug\link.11420-rc.read.1.tlog
C:\Users\Meetch\Documents\Visual Studio 2012\Projects\Data Structures Coursework 1 (3)\Data Structures Coursework 1\Data Structures Coursework 1\Debug\link.11420-rc.write.1.tlog
C:\Users\Meetch\Documents\Visual Studio 2012\Projects\Data Structures Coursework 1 (3)\Data Structures Coursework 1\Data Structures Coursework 1\Debug\link.11420.read.1.tlog
C:\Users\Meetch\Documents\Visual Studio 2012\Projects\Data Structures Coursework 1 (3)\Data Structures Coursework 1\Data Structures Coursework 1\Debug\link.11420.write.1.tlog
C:\Users\Meetch\Documents\Visual Studio 2012\Projects\Data Structures Coursework 1 (3)\Data Structures Coursework 1\Data Structures Coursework 1\Debug\link.11736-cvtres.read.1.tlog
C:\Users\Meetch\Documents\Visual Studio 2012\Projects\Data Structures Coursework 1 (3)\Data Structures Coursework 1\Data Structures Coursework 1\Debug\link.11736-cvtres.write.1.tlog
C:\Users\Meetch\Documents\Visual Studio 2012\Projects\Data Structures Coursework 1 (3)\Data Structures Coursework 1\Data Structures Coursework 1\Debug\link.11736-rc.read.1.tlog
C:\Users\Meetch\Documents\Visual Studio 2012\Projects\Data Structures Coursework 1 (3)\Data Structures Coursework 1\Data Structures Coursework 1\Debug\link.11736-rc.write.1.tlog
C:\Users\Meetch\Documents\Visual Studio 2012\Projects\Data Structures Coursework 1 (3)\Data Structures Coursework 1\Data Structures Coursework 1\Debug\link.11736.read.1.tlog
C:\Users\Meetch\Documents\Visual Studio 2012\Projects\Data Structures Coursework 1 (3)\Data Structures Coursework 1\Data Structures Coursework 1\Debug\link.11736.write.1.tlog
C:\Users\Meetch\Documents\Visual Studio 2012\Projects\Data Structures Coursework 1 (3)\Data Structures Coursework 1\Data Structures Coursework 1\Debug\link.13756-cvtres.read.1.tlog
C:\Users\Meetch\Documents\Visual Studio 2012\Projects\Data Structures Coursework 1 (3)\Data Structures Coursework 1\Data Structures Coursework 1\Debug\link.13756-cvtres.write.1.tlog
C:\Users\Meetch\Documents\Visual Studio 2012\Projects\Data Structures Coursework 1 (3)\Data Structures Coursework 1\Data Structures Coursework 1\Debug\link.13756-rc.read.1.tlog
C:\Users\Meetch\Documents\Visual Studio 2012\Projects\Data Structures Coursework 1 (3)\Data Structures Coursework 1\Data Structures Coursework 1\Debug\link.13756-rc.write.1.tlog
C:\Users\Meetch\Documents\Visual Studio 2012\Projects\Data Structures Coursework 1 (3)\Data Structures Coursework 1\Data Structures Coursework 1\Debug\link.13756.read.1.tlog
C:\Users\Meetch\Documents\Visual Studio 2012\Projects\Data Structures Coursework 1 (3)\Data Structures Coursework 1\Data Structures Coursework 1\Debug\link.13756.write.1.tlog
C:\Users\Meetch\Documents\Visual Studio 2012\Projects\Data Structures Coursework 1 (3)\Data Structures Coursework 1\Data Structures Coursework 1\Debug\link.2916-cvtres.read.1.tlog
C:\Users\Meetch\Documents\Visual Studio 2012\Projects\Data Structures Coursework 1 (3)\Data Structures Coursework 1\Data Structures Coursework 1\Debug\link.2916-cvtres.write.1.tlog
C:\Users\Meetch\Documents\Visual Studio 2012\Projects\Data Structures Coursework 1 (3)\Data Structures Coursework 1\Data Structures Coursework 1\Debug\link.2916-rc.read.1.tlog
C:\Users\Meetch\Documents\Visual Studio 2012\Projects\Data Structures Coursework 1 (3)\Data Structures Coursework 1\Data Structures Coursework 1\Debug\link.2916-rc.write.1.tlog
C:\Users\Meetch\Documents\Visual Studio 2012\Projects\Data Structures Coursework 1 (3)\Data Structures Coursework 1\Data Structures Coursework 1\Debug\link.2916.read.1.tlog
C:\Users\Meetch\Documents\Visual Studio 2012\Projects\Data Structures Coursework 1 (3)\Data Structures Coursework 1\Data Structures Coursework 1\Debug\link.2916.write.1.tlog
C:\Users\Meetch\Documents\Visual Studio 2012\Projects\Data Structures Coursework 1 (3)\Data Structures Coursework 1\Data Structures Coursework 1\Debug\link.5832-cvtres.read.1.tlog
C:\Users\Meetch\Documents\Visual Studio 2012\Projects\Data Structures Coursework 1 (3)\Data Structures Coursework 1\Data Structures Coursework 1\Debug\link.5832-cvtres.write.1.tlog
C:\Users\Meetch\Documents\Visual Studio 2012\Projects\Data Structures Coursework 1 (3)\Data Structures Coursework 1\Data Structures Coursework 1\Debug\link.5832-rc.read.1.tlog
C:\Users\Meetch\Documents\Visual Studio 2012\Projects\Data Structures Coursework 1 (3)\Data Structures Coursework 1\Data Structures Coursework 1\Debug\link.5832-rc.write.1.tlog
C:\Users\Meetch\Documents\Visual Studio 2012\Projects\Data Structures Coursework 1 (3)\Data Structures Coursework 1\Data Structures Coursework 1\Debug\link.5832.read.1.tlog
C:\Users\Meetch\Documents\Visual Studio 2012\Projects\Data Structures Coursework 1 (3)\Data Structures Coursework 1\Data Structures Coursework 1\Debug\link.5832.write.1.tlog
C:\Users\Meetch\Documents\Visual Studio 2012\Projects\Data Structures Coursework 1 (3)\Data Structures Coursework 1\Data Structures Coursework 1\Debug\link.6636-cvtres.read.1.tlog
C:\Users\Meetch\Documents\Visual Studio 2012\Projects\Data Structures Coursework 1 (3)\Data Structures Coursework 1\Data Structures Coursework 1\Debug\link.6636-cvtres.write.1.tlog
C:\Users\Meetch\Documents\Visual Studio 2012\Projects\Data Structures Coursework 1 (3)\Data Structures Coursework 1\Data Structures Coursework 1\Debug\link.6636-rc.read.1.tlog
C:\Users\Meetch\Documents\Visual Studio 2012\Projects\Data Structures Coursework 1 (3)\Data Structures Coursework 1\Data Structures Coursework 1\Debug\link.6636-rc.write.1.tlog
C:\Users\Meetch\Documents\Visual Studio 2012\Projects\Data Structures Coursework 1 (3)\Data Structures Coursework 1\Data Structures Coursework 1\Debug\link.6636.read.1.tlog
C:\Users\Meetch\Documents\Visual Studio 2012\Projects\Data Structures Coursework 1 (3)\Data Structures Coursework 1\Data Structures Coursework 1\Debug\link.6636.write.1.tlog
C:\Users\Meetch\Documents\Visual Studio 2012\Projects\Data Structures Coursework 1 (3)\Data Structures Coursework 1\Data Structures Coursework 1\Debug\link.7216-cvtres.read.1.tlog
C:\Users\Meetch\Documents\Visual Studio 2012\Projects\Data Structures Coursework 1 (3)\Data Structures Coursework 1\Data Structures Coursework 1\Debug\link.7216-cvtres.write.1.tlog
C:\Users\Meetch\Documents\Visual Studio 2012\Projects\Data Structures Coursework 1 (3)\Data Structures Coursework 1\Data Structures Coursework 1\Debug\link.7216-rc.read.1.tlog
C:\Users\Meetch\Documents\Visual Studio 2012\Projects\Data Structures Coursework 1 (3)\Data Structures Coursework 1\Data Structures Coursework 1\Debug\link.7216-rc.write.1.tlog
C:\Users\Meetch\Documents\Visual Studio 2012\Projects\Data Structures Coursework 1 (3)\Data Structures Coursework 1\Data Structures Coursework 1\Debug\link.7216.read.1.tlog
C:\Users\Meetch\Documents\Visual Studio 2012\Projects\Data Structures Coursework 1 (3)\Data Structures Coursework 1\Data Structures Coursework 1\Debug\link.7216.write.1.tlog
C:\Users\Meetch\Documents\Visual Studio 2012\Projects\Data Structures Coursework 1 (3)\Data Structures Coursework 1\Data Structures Coursework 1\Debug\link.8364-cvtres.read.1.tlog
C:\Users\Meetch\Documents\Visual Studio 2012\Projects\Data Structures Coursework 1 (3)\Data Structures Coursework 1\Data Structures Coursework 1\Debug\link.8364-cvtres.write.1.tlog
C:\Users\Meetch\Documents\Visual Studio 2012\Projects\Data Structures Coursework 1 (3)\Data Structures Coursework 1\Data Structures Coursework 1\Debug\link.8364-rc.read.1.tlog
C:\Users\Meetch\Documents\Visual Studio 2012\Projects\Data Structures Coursework 1 (3)\Data Structures Coursework 1\Data Structures Coursework 1\Debug\link.8364-rc.write.1.tlog
C:\Users\Meetch\Documents\Visual Studio 2012\Projects\Data Structures Coursework 1 (3)\Data Structures Coursework 1\Data Structures Coursework 1\Debug\link.8364.read.1.tlog
C:\Users\Meetch\Documents\Visual Studio 2012\Projects\Data Structures Coursework 1 (3)\Data Structures Coursework 1\Data Structures Coursework 1\Debug\link.8364.write.1.tlog
C:\Users\Meetch\Documents\Visual Studio 2012\Projects\Data Structures Coursework 1 (3)\Data Structures Coursework 1\Data Structures Coursework 1\Debug\link.9368-cvtres.read.1.tlog
C:\Users\Meetch\Documents\Visual Studio 2012\Projects\Data Structures Coursework 1 (3)\Data Structures Coursework 1\Data Structures Coursework 1\Debug\link.9368-cvtres.write.1.tlog
C:\Users\Meetch\Documents\Visual Studio 2012\Projects\Data Structures Coursework 1 (3)\Data Structures Coursework 1\Data Structures Coursework 1\Debug\link.9368-rc.read.1.tlog
C:\Users\Meetch\Documents\Visual Studio 2012\Projects\Data Structures Coursework 1 (3)\Data Structures Coursework 1\Data Structures Coursework 1\Debug\link.9368-rc.write.1.tlog
C:\Users\Meetch\Documents\Visual Studio 2012\Projects\Data Structures Coursework 1 (3)\Data Structures Coursework 1\Data Structures Coursework 1\Debug\link.9368.read.1.tlog
C:\Users\Meetch\Documents\Visual Studio 2012\Projects\Data Structures Coursework 1 (3)\Data Structures Coursework 1\Data Structures Coursework 1\Debug\link.9368.write.1.tlog
C:\Users\Meetch\Documents\Visual Studio 2012\Projects\Data Structures Coursework 1 (3)\Data Structures Coursework 1\Data Structures Coursework 1\Debug\link.9408-cvtres.read.1.tlog
C:\Users\Meetch\Documents\Visual Studio 2012\Projects\Data Structures Coursework 1 (3)\Data Structures Coursework 1\Data Structures Coursework 1\Debug\link.9408-cvtres.write.1.tlog
C:\Users\Meetch\Documents\Visual Studio 2012\Projects\Data Structures Coursework 1 (3)\Data Structures Coursework 1\Data Structures Coursework 1\Debug\link.9408-rc.read.1.tlog
C:\Users\Meetch\Documents\Visual Studio 2012\Projects\Data Structures Coursework 1 (3)\Data Structures Coursework 1\Data Structures Coursework 1\Debug\link.9408-rc.write.1.tlog
C:\Users\Meetch\Documents\Visual Studio 2012\Projects\Data Structures Coursework 1 (3)\Data Structures Coursework 1\Data Structures Coursework 1\Debug\link.9408.read.1.tlog
C:\Users\Meetch\Documents\Visual Studio 2012\Projects\Data Structures Coursework 1 (3)\Data Structures Coursework 1\Data Structures Coursework 1\Debug\link.9408.write.1.tlog
C:\Users\Meetch\Documents\Visual Studio 2012\Projects\Data Structures Coursework 1 (3)\Data Structures Coursework 1\Data Structures Coursework 1\Debug\link.command.1.tlog
C:\Users\Meetch\Documents\Visual Studio 2012\Projects\Data Structures Coursework 1 (3)\Data Structures Coursework 1\Data Structures Coursework 1\Debug\link.read.1.tlog
C:\Users\Meetch\Documents\Visual Studio 2012\Projects\Data Structures Coursework 1 (3)\Data Structures Coursework 1\Data Structures Coursework 1\Debug\link.write.1.tlog
C:\Users\Meetch\Documents\Visual Studio 2012\Projects\Data Structures Coursework 1 (3)\Data Structures Coursework 1\Data Structures Coursework 1\Debug\vc110.idb
C:\Users\Meetch\Documents\Visual Studio 2012\Projects\Data Structures Coursework 1 (3)\Data Structures Coursework 1\Data Structures Coursework 1\Debug\vc110.pdb
C:\Users\Meetch\Documents\Visual Studio 2012\Projects\Data Structures Coursework 1 (3)\Data Structures Coursework 1\Debug\Data Structures Coursework 1.pdb
C:\Users\Meetch\Documents\Visual Studio 2012\Projects\Data Structures Coursework 1 (3)\Data Structures Coursework 1\Debug\Data Structures Coursework 1.exe
C:\Users\Meetch\Documents\Visual Studio 2012\Projects\Data Structures Coursework 1 (3)\Data Structures Coursework 1\Debug\Data Structures Coursework 1.ilk
